<?xml version="1.0" encoding="UTF-8"?>
<robot generator="Robot 6.0.1 (Python 3.10.7 on win32)" generated="20230203 15:26:20.514" rpa="false" schemaversion="3">
<suite id="s1" name="Test02" source="C:\Users\zouha\Desktop\Robot_Project3\TestCases\Test02.robot">
<test id="s1-t1" name="Reserver une demo gratuite" line="14">
<kw name="Ouvrir site dans le le navigateur" type="SETUP">
<kw name="Open Browser" library="SeleniumLibrary">
<arg>${URL}</arg>
<arg>${BROWSER}</arg>
<doc>Opens a new browser instance to the optional ``url``.</doc>
<msg timestamp="20230203 15:26:20.737" level="INFO">Opening browser 'chrome' to base url 'https://opensource-demo.orangehrmlive.com/web/index.php/auth/login'.</msg>
<status status="PASS" starttime="20230203 15:26:20.736" endtime="20230203 15:26:24.951"/>
</kw>
<kw name="Maximize Browser Window" library="SeleniumLibrary">
<doc>Maximizes current browser window.</doc>
<status status="PASS" starttime="20230203 15:26:24.951" endtime="20230203 15:26:25.071"/>
</kw>
<kw name="Sleep" library="BuiltIn">
<arg>2s</arg>
<doc>Pauses the test executed for the given time.</doc>
<msg timestamp="20230203 15:26:27.079" level="INFO">Slept 2 seconds</msg>
<status status="PASS" starttime="20230203 15:26:25.071" endtime="20230203 15:26:27.079"/>
</kw>
<status status="PASS" starttime="20230203 15:26:20.736" endtime="20230203 15:26:27.080"/>
</kw>
<kw name="Cliquer sur le lien orangeHRM.com">
<kw name="Click Link" library="SeleniumLibrary">
<arg>xpath://div/div[1]/div/div[1]/div/div[2]/div[3]/div[2]/p[2]/a</arg>
<doc>Clicks a link identified by ``locator``.</doc>
<msg timestamp="20230203 15:26:27.085" level="INFO">Clicking link 'xpath://div/div[1]/div/div[1]/div/div[2]/div[3]/div[2]/p[2]/a'.</msg>
<status status="PASS" starttime="20230203 15:26:27.083" endtime="20230203 15:26:27.213"/>
</kw>
<kw name="Sleep" library="BuiltIn">
<arg>2s</arg>
<doc>Pauses the test executed for the given time.</doc>
<msg timestamp="20230203 15:26:29.228" level="INFO">Slept 2 seconds</msg>
<status status="PASS" starttime="20230203 15:26:27.214" endtime="20230203 15:26:29.228"/>
</kw>
<status status="PASS" starttime="20230203 15:26:27.082" endtime="20230203 15:26:29.228"/>
</kw>
<kw name="Switcher vers une autre fenetre">
<kw name="Get Window Handles" library="SeleniumLibrary">
<var>@{ListWindows}</var>
<doc>Returns all child window handles of the selected browser as a list.</doc>
<msg timestamp="20230203 15:26:29.241" level="INFO">@{ListWindows} = [ CDwindow-5A05E0EC7BAEAE4330D29E42D7F97123 | CDwindow-C73B727C9E95D92A5AD4A3A1F5F319D0 ]</msg>
<status status="PASS" starttime="20230203 15:26:29.229" endtime="20230203 15:26:29.241"/>
</kw>
<kw name="Log To Console" library="BuiltIn">
<arg>@{ListWindows}</arg>
<doc>Logs the given message to the console.</doc>
<status status="PASS" starttime="20230203 15:26:29.241" endtime="20230203 15:26:29.242"/>
</kw>
<kw name="Switch Window" library="SeleniumLibrary">
<arg>${ListWindows}[1]</arg>
<doc>Switches to browser window matching ``locator``.</doc>
<status status="PASS" starttime="20230203 15:26:29.242" endtime="20230203 15:26:29.305"/>
</kw>
<kw name="Sleep" library="BuiltIn">
<arg>2s</arg>
<doc>Pauses the test executed for the given time.</doc>
<msg timestamp="20230203 15:26:31.312" level="INFO">Slept 2 seconds</msg>
<status status="PASS" starttime="20230203 15:26:29.306" endtime="20230203 15:26:31.312"/>
</kw>
<status status="PASS" starttime="20230203 15:26:29.229" endtime="20230203 15:26:31.313"/>
</kw>
<kw name="Reserver sur une demo gratuite">
<kw name="Click Button" library="SeleniumLibrary">
<arg>xpath://*[@id="navbarSupportedContent"]/div[2]/ul/li[1]/a/button</arg>
<doc>Clicks the button identified by ``locator``.</doc>
<msg timestamp="20230203 15:26:31.317" level="INFO">Clicking button 'xpath://*[@id="navbarSupportedContent"]/div[2]/ul/li[1]/a/button'.</msg>
<status status="PASS" starttime="20230203 15:26:31.316" endtime="20230203 15:26:32.827"/>
</kw>
<kw name="Input Text" library="SeleniumLibrary">
<arg>name:FullName</arg>
<arg>farid</arg>
<doc>Types the given ``text`` into the text field identified by ``locator``.</doc>
<msg timestamp="20230203 15:26:32.827" level="INFO">Typing text 'farid' into text field 'name:FullName'.</msg>
<status status="PASS" starttime="20230203 15:26:32.827" endtime="20230203 15:26:32.925"/>
</kw>
<kw name="Input Text" library="SeleniumLibrary">
<arg>name:Email</arg>
<arg>farid@gmail.com</arg>
<doc>Types the given ``text`` into the text field identified by ``locator``.</doc>
<msg timestamp="20230203 15:26:32.925" level="INFO">Typing text 'farid@gmail.com' into text field 'name:Email'.</msg>
<status status="PASS" starttime="20230203 15:26:32.925" endtime="20230203 15:26:33.018"/>
</kw>
<kw name="Input Text" library="SeleniumLibrary">
<arg>css:#Form_getForm_Contact</arg>
<arg>514432223</arg>
<doc>Types the given ``text`` into the text field identified by ``locator``.</doc>
<msg timestamp="20230203 15:26:33.019" level="INFO">Typing text '514432223' into text field 'css:#Form_getForm_Contact'.</msg>
<status status="PASS" starttime="20230203 15:26:33.018" endtime="20230203 15:26:33.099"/>
</kw>
<kw name="Click Element" library="SeleniumLibrary">
<arg>xpath://*[@id="Form_getForm_Country"]/option[10]</arg>
<doc>Click the element identified by ``locator``.</doc>
<msg timestamp="20230203 15:26:33.100" level="INFO">Clicking element 'xpath://*[@id="Form_getForm_Country"]/option[10]'.</msg>
<status status="PASS" starttime="20230203 15:26:33.099" endtime="20230203 15:26:33.145"/>
</kw>
<kw name="Click Element" library="SeleniumLibrary">
<arg>id:Form_getForm_action_submitForm</arg>
<doc>Click the element identified by ``locator``.</doc>
<msg timestamp="20230203 15:26:33.145" level="INFO">Clicking element 'id:Form_getForm_action_submitForm'.</msg>
<msg timestamp="20230203 15:26:34.439" level="INFO" html="true">&lt;/td&gt;&lt;/tr&gt;&lt;tr&gt;&lt;td colspan="3"&gt;&lt;a href="selenium-screenshot-26.png"&gt;&lt;img src="selenium-screenshot-26.png" width="800px"&gt;&lt;/a&gt;</msg>
<msg timestamp="20230203 15:26:34.439" level="FAIL">ElementClickInterceptedException: Message: element click intercepted: Element is not clickable at point (634, 939)
  (Session info: chrome=109.0.5414.120)
Stacktrace:
Backtrace:
	(No symbol) [0x006C6643]
	(No symbol) [0x0065BE21]
	(No symbol) [0x0055DA9D]
	(No symbol) [0x005992B2]
	(No symbol) [0x00596970]
	(No symbol) [0x00593E0B]
	(No symbol) [0x00592548]
	(No symbol) [0x00586B13]
	(No symbol) [0x005AFD7C]
	(No symbol) [0x0058641F]
	(No symbol) [0x005B00D4]
	(No symbol) [0x005C6B09]
	(No symbol) [0x005AFB76]
	(No symbol) [0x005849C1]
	(No symbol) [0x00585E5D]
	GetHandleVerifier [0x0093A142+2497106]
	GetHandleVerifier [0x009685D3+2686691]
	GetHandleVerifier [0x0096BB9C+2700460]
	GetHandleVerifier [0x00773B10+635936]
	(No symbol) [0x00664A1F]
	(No symbol) [0x0066A418]
	(No symbol) [0x0066A505]
	(No symbol) [0x0067508B]
	BaseThreadInitThunk [0x76F56BD9+25]
	RtlGetFullPathName_UEx [0x775D8FD2+1218]
	RtlGetFullPathName_UEx [0x775D8F9D+1165]
</msg>
<status status="FAIL" starttime="20230203 15:26:33.145" endtime="20230203 15:26:34.440"/>
</kw>
<status status="FAIL" starttime="20230203 15:26:31.315" endtime="20230203 15:26:34.441"/>
</kw>
<kw name="Close Browser" library="SeleniumLibrary" type="TEARDOWN">
<doc>Closes the current browser.</doc>
<status status="PASS" starttime="20230203 15:26:34.442" endtime="20230203 15:26:36.647"/>
</kw>
<status status="FAIL" starttime="20230203 15:26:20.735" endtime="20230203 15:26:36.648">ElementClickInterceptedException: Message: element click intercepted: Element is not clickable at point (634, 939)
  (Session info: chrome=109.0.5414.120)
Stacktrace:
Backtrace:
	(No symbol) [0x006C6643]
	(No symbol) [0x0065BE21]
	(No symbol) [0x0055DA9D]
	(No symbol) [0x005992B2]
	(No symbol) [0x00596970]
	(No symbol) [0x00593E0B]
	(No symbol) [0x00592548]
	(No symbol) [0x00586B13]
	(No symbol) [0x005AFD7C]
	(No symbol) [0x0058641F]
	(No symbol) [0x005B00D4]
	(No symbol) [0x005C6B09]
	(No symbol) [0x005AFB76]
	(No symbol) [0x005849C1]
	(No symbol) [0x00585E5D]
	GetHandleVerifier [0x0093A142+2497106]
	GetHandleVerifier [0x009685D3+2686691]
	GetHandleVerifier [0x0096BB9C+2700460]
	GetHandleVerifier [0x00773B10+635936]
	(No symbol) [0x00664A1F]
	(No symbol) [0x0066A418]
	(No symbol) [0x0066A505]
	(No symbol) [0x0067508B]
	BaseThreadInitThunk [0x76F56BD9+25]
	RtlGetFullPathName_UEx [0x775D8FD2+1218]
	RtlGetFullPathName_UEx [0x775D8F9D+1165]
</status>
</test>
<doc>Ce cas de test permet de reserver une demo gratuite sur le site OranDemo.
(handle window, switch to window)</doc>
<status status="FAIL" starttime="20230203 15:26:20.516" endtime="20230203 15:26:36.666"/>
</suite>
<statistics>
<total>
<stat pass="0" fail="1" skip="0">All Tests</stat>
</total>
<tag>
</tag>
<suite>
<stat pass="0" fail="1" skip="0" id="s1" name="Test02">Test02</stat>
</suite>
</statistics>
<errors>
</errors>
</robot>
